[debug] [2022-04-01T12:15:03.275Z] ----------------------------------------------------------------------
[debug] [2022-04-01T12:15:03.279Z] Command:       D:\JEFF\node-v14.15.0-win-x64\node.exe D:\JEFF\node-v14.15.0-win-x64\node_modules\firebase-tools\lib\bin\firebase.js init
[debug] [2022-04-01T12:15:03.280Z] CLI Version:   10.4.2
[debug] [2022-04-01T12:15:03.280Z] Platform:      win32
[debug] [2022-04-01T12:15:03.280Z] Node Version:  v14.15.0
[debug] [2022-04-01T12:15:03.282Z] Time:          Fri Apr 01 2022 13:15:03 GMT+0100 (West Africa Standard Time)
[debug] [2022-04-01T12:15:03.283Z] ----------------------------------------------------------------------
[debug] 
[debug] [2022-04-01T12:15:03.458Z] > command requires scopes: ["email","openid","https://www.googleapis.com/auth/cloudplatformprojects.readonly","https://www.googleapis.com/auth/firebase","https://www.googleapis.com/auth/cloud-platform"]
[debug] [2022-04-01T12:15:03.459Z] > authorizing via signed-in user (angojeff433@gmail.com)
[info] 
     ######## #### ########  ######## ########     ###     ######  ########
     ##        ##  ##     ## ##       ##     ##  ##   ##  ##       ##
     ######    ##  ########  ######   ########  #########  ######  ######
     ##        ##  ##    ##  ##       ##     ## ##     ##       ## ##
     ##       #### ##     ## ######## ########  ##     ##  ######  ########

You're about to initialize a Firebase project in this directory:

  D:\JEFF\programs\metacare-test

Before we get started, keep in mind:

  * You are initializing within an existing Firebase project directory

[info] 
=== Project Setup
[info] 
[info] First, let's associate this project directory with a Firebase project.
[info] You can create multiple project aliases by running firebase use --add, 
[info] but for now we'll just set up a default project.
[info] 
[debug] [2022-04-01T12:16:40.925Z] Using project from CLI flag: metacare-test
[debug] [2022-04-01T12:16:40.930Z] >>> [apiv2][query] GET https://firebase.googleapis.com/v1beta1/projects/metacare-test [none]
[debug] [2022-04-01T12:16:41.642Z] <<< [apiv2][status] GET https://firebase.googleapis.com/v1beta1/projects/metacare-test 200
[debug] [2022-04-01T12:16:41.642Z] <<< [apiv2][body] GET https://firebase.googleapis.com/v1beta1/projects/metacare-test {"projectId":"metacare-test","projectNumber":"877871108976","displayName":"metacare-test","name":"projects/metacare-test","resources":{"hostingSite":"metacare-test"},"state":"ACTIVE"}
[info] i  Using project metacare-test (metacare-test) 
[info] 
=== Hosting Setup
[info] 
[info] Your public directory is the folder (relative to your project directory) that
[info] will contain Hosting assets to be uploaded with firebase deploy. If you
[info] have a build process for your assets, use your build's output directory.
[info] 
[debug] [2022-04-01T12:17:00.530Z] >>> [apiv2][query] GET https://www.gstatic.com/firebasejs/releases.json [none]
[debug] [2022-04-01T12:17:01.105Z] <<< [apiv2][status] GET https://www.gstatic.com/firebasejs/releases.json 200
[debug] [2022-04-01T12:17:01.106Z] <<< [apiv2][body] GET https://www.gstatic.com/firebasejs/releases.json {"current":{"version":"9.6.10","browserURL":"https://www.gstatic.com/firebasejs/9.6.10/firebase.js","packageURL":"https://www.gstatic.com/firebasejs/9.6.10/firebase.tgz"},"live":{"version":"9.6","browserURL":"https://www.gstatic.com/firebasejs/live/9.6/firebase.js","packageURL":"https://www.gstatic.com/firebasejs/live/9.6/firebase.tgz"},"components":{"analytics":"https://www.gstatic.com/firebasejs/9.6.10/firebase-analytics.js","app":"https://www.gstatic.com/firebasejs/9.6.10/firebase-app.js","app-check":"https://www.gstatic.com/firebasejs/9.6.10/firebase-app-check.js","auth":"https://www.gstatic.com/firebasejs/9.6.10/firebase-auth.js","auth/cordova":"https://www.gstatic.com/firebasejs/9.6.10/firebase-auth/cordova.js","auth/react-native":"https://www.gstatic.com/firebasejs/9.6.10/firebase-auth/react-native.js","functions":"https://www.gstatic.com/firebasejs/9.6.10/firebase-functions.js","firestore":"https://www.gstatic.com/firebasejs/9.6.10/firebase-firestore.js","firestore/lite":"https://www.gstatic.com/firebasejs/9.6.10/firebase-firestore/lite.js","storage":"https://www.gstatic.com/firebasejs/9.6.10/firebase-storage.js","performance":"https://www.gstatic.com/firebasejs/9.6.10/firebase-performance.js","remote-config":"https://www.gstatic.com/firebasejs/9.6.10/firebase-remote-config.js","messaging":"https://www.gstatic.com/firebasejs/9.6.10/firebase-messaging.js","messaging/sw":"https://www.gstatic.com/firebasejs/9.6.10/firebase-messaging/sw.js","database":"https://www.gstatic.com/firebasejs/9.6.10/firebase-database.js","firestore.memory":"https://www.gstatic.com/firebasejs/9.6.10/firebase-firestore.memory.js"}}
[info] i  Skipping write of public/index.html 
[info] 
[info] i  Detected a .git folder at D:\JEFF\programs\metacare-test 
[info] i  Authorizing with GitHub to upload your service account to a GitHub repository's secrets store. 
[info] 
[info] Visit this URL on this device to log in:
[info] https://github.com/login/oauth/authorize?client_id=89cf50f02ac6aaed3484&state=565843177&redirect_uri=http%3A%2F%2Flocalhost%3A9005&scope=read%3Auser%20repo%20public_repo
[info] 
[info] Waiting for authentication...
[debug] [2022-04-01T12:17:31.545Z] >>> HTTP REQUEST POST https://github.com/login/oauth/access_token  
 {"client_id":"89cf50f02ac6aaed3484","client_secret":"3330d14abc895d9a74d5f17cd7a00711fa2c5bf0","code":"5e85ab07634c7426c35e","redirect_uri":"http://localhost:9005","state":"565843177"}
[debug] [2022-04-01T12:17:32.253Z] <<< HTTP RESPONSE 200 {"server":"GitHub.com","date":"Fri, 01 Apr 2022 12:17:31 GMT","content-type":"application/json; charset=utf-8","transfer-encoding":"chunked","vary":"X-PJAX, X-PJAX-Container, Accept-Encoding, Accept, X-Requested-With","permissions-policy":"interest-cohort=()","etag":"W/\"8d6cfb9fab25b94df43ddc126f111c1b\"","cache-control":"max-age=0, private, must-revalidate","strict-transport-security":"max-age=31536000; includeSubdomains; preload","x-frame-options":"deny","x-content-type-options":"nosniff","x-xss-protection":"0","referrer-policy":"origin-when-cross-origin, strict-origin-when-cross-origin","expect-ct":"max-age=2592000, report-uri=\"https://api.github.com/_private/browser/errors\"","content-security-policy":"default-src 'none'; base-uri 'self'; block-all-mixed-content; child-src github.com/assets-cdn/worker/ gist.github.com/assets-cdn/worker/; connect-src 'self' uploads.github.com objects-origin.githubusercontent.com www.githubstatus.com collector.githubapp.com collector.github.com api.github.com github-cloud.s3.amazonaws.com github-production-repository-file-5c1aeb.s3.amazonaws.com github-production-upload-manifest-file-7fdce7.s3.amazonaws.com github-production-user-asset-6210df.s3.amazonaws.com cdn.optimizely.com logx.optimizely.com/v1/events translator.github.com *.actions.githubusercontent.com wss://*.actions.githubusercontent.com online.visualstudio.com/api/v1/locations raw.githubusercontent.com github-production-repository-image-32fea6.s3.amazonaws.com github-production-release-asset-2e65be.s3.amazonaws.com insights.github.com wss://alive.github.com; font-src github.githubassets.com; form-action 'self' github.com gist.github.com objects-origin.githubusercontent.com; frame-ancestors 'none'; frame-src render.githubusercontent.com viewscreen.githubusercontent.com notebooks.githubusercontent.com; img-src 'self' data: github.githubassets.com identicons.github.com collector.githubapp.com collector.github.com github-cloud.s3.amazonaws.com secured-user-images.githubusercontent.com/ *.githubusercontent.com; manifest-src 'self'; media-src github.com user-images.githubusercontent.com/; script-src github.githubassets.com; style-src 'unsafe-inline' github.githubassets.com; worker-src github.com/assets-cdn/worker/ gist.github.com/assets-cdn/worker/","x-github-request-id":"1BA6:B027:723AC:1B7D87:6246ED5B"}
[debug] [2022-04-01T12:17:32.397Z] >>> [apiv2][query] GET https://api.github.com/user [none]
[debug] [2022-04-01T12:17:33.076Z] <<< [apiv2][status] GET https://api.github.com/user 200
[debug] [2022-04-01T12:17:33.077Z] <<< [apiv2][body] GET https://api.github.com/user {"login":"Ango-Jay","id":56536845,"node_id":"MDQ6VXNlcjU2NTM2ODQ1","avatar_url":"https://avatars.githubusercontent.com/u/56536845?v=4","gravatar_id":"","url":"https://api.github.com/users/Ango-Jay","html_url":"https://github.com/Ango-Jay","followers_url":"https://api.github.com/users/Ango-Jay/followers","following_url":"https://api.github.com/users/Ango-Jay/following{/other_user}","gists_url":"https://api.github.com/users/Ango-Jay/gists{/gist_id}","starred_url":"https://api.github.com/users/Ango-Jay/starred{/owner}{/repo}","subscriptions_url":"https://api.github.com/users/Ango-Jay/subscriptions","organizations_url":"https://api.github.com/users/Ango-Jay/orgs","repos_url":"https://api.github.com/users/Ango-Jay/repos","events_url":"https://api.github.com/users/Ango-Jay/events{/privacy}","received_events_url":"https://api.github.com/users/Ango-Jay/received_events","type":"User","site_admin":false,"name":"AngoJay","company":null,"blog":"http://jay-portfolio.vercel.app/","location":"Lagos, Nigeria","email":"angojeff433@gmail.com","hireable":null,"bio":"Software engineer and ML enthusiast 🔥🚀\r\n\r\n\r\n\r\n\r\n\r\n","twitter_username":"jay_ango","public_repos":29,"public_gists":0,"followers":44,"following":53,"created_at":"2019-10-14T08:29:35Z","updated_at":"2022-03-24T16:59:33Z","private_gists":0,"total_private_repos":5,"owned_private_repos":4,"disk_usage":141972,"collaborators":1,"two_factor_authentication":false,"plan":{"name":"free","space":976562499,"collaborators":0,"private_repos":10000}}
[info] 
[info] +  Success! Logged into GitHub as Ango-Jay 
[info] 
[debug] [2022-04-01T12:17:53.003Z] >>> [apiv2][query] GET https://api.github.com/repos//actions/secrets/public-key type=owner
[debug] [2022-04-01T12:17:53.788Z] <<< [apiv2][status] GET https://api.github.com/repos//actions/secrets/public-key 404
[debug] [2022-04-01T12:17:53.788Z] <<< [apiv2][body] GET https://api.github.com/repos//actions/secrets/public-key {"message":"Not Found","documentation_url":"https://docs.github.com/rest"}
